Performing C SOURCE FILE Test CMAKE_HAVE_LIBC_PTHREAD failed with the following output:
Change Dir: /home/airvoltex/mysource/uav_racer/src/keybd_ctl/cmake-build-debug/CMakeFiles/CMakeTmp

Run Build Command(s):/home/airvoltex/mytools/clion-2022.1.3/bin/ninja/linux/ninja cmTC_7e9b2 && [1/2] Building C object CMakeFiles/cmTC_7e9b2.dir/src.c.o
[2/2] Linking C executable cmTC_7e9b2
FAILED: cmTC_7e9b2 
: && /usr/bin/cc  -rdynamic CMakeFiles/cmTC_7e9b2.dir/src.c.o -o cmTC_7e9b2   && :
/usr/bin/ld: CMakeFiles/cmTC_7e9b2.dir/src.c.o: in function `main':
src.c:(.text+0x46): undefined reference to `pthread_create'
/usr/bin/ld: src.c:(.text+0x52): undefined reference to `pthread_detach'
/usr/bin/ld: src.c:(.text+0x5e): undefined reference to `pthread_cancel'
/usr/bin/ld: src.c:(.text+0x6f): undefined reference to `pthread_join'
collect2: error: ld returned 1 exit status
ninja: build stopped: subcommand failed.


Source file was:
#include <pthread.h>

static void* test_func(void* data)
{
  return data;
}

int main(void)
{
  pthread_t thread;
  pthread_create(&thread, NULL, test_func, NULL);
  pthread_detach(thread);
  pthread_cancel(thread);
  pthread_join(thread, NULL);
  pthread_atfork(NULL, NULL, NULL);
  pthread_exit(NULL);

  return 0;
}

Determining if the function pthread_create exists in the pthreads failed with the following output:
Change Dir: /home/airvoltex/mysource/uav_racer/src/keybd_ctl/cmake-build-debug/CMakeFiles/CMakeTmp

Run Build Command(s):/home/airvoltex/mytools/clion-2022.1.3/bin/ninja/linux/ninja cmTC_fd635 && [1/2] Building C object CMakeFiles/cmTC_fd635.dir/CheckFunctionExists.c.o
[2/2] Linking C executable cmTC_fd635
FAILED: cmTC_fd635 
: && /usr/bin/cc -DCHECK_FUNCTION_EXISTS=pthread_create -rdynamic CMakeFiles/cmTC_fd635.dir/CheckFunctionExists.c.o -o cmTC_fd635  -lpthreads && :
/usr/bin/ld: cannot find -lpthreads
collect2: error: ld returned 1 exit status
ninja: build stopped: subcommand failed.



